[  0%] Built target std_msgs_generate_messages_lisp
[  0%] Built target std_msgs_generate_messages_cpp
[  0%] Built target std_msgs_generate_messages_nodejs
[  0%] Built target std_msgs_generate_messages_py
[  0%] Built target _move_robot_generate_messages_check_deps_NewGoal
[  0%] Built target std_msgs_generate_messages_eus
[ 11%] Built target move_robot_generate_messages_cpp
[ 33%] Built target move_robot_generate_messages_py
[ 44%] Built target move_robot_generate_messages_lisp
[ 55%] Built target move_robot_generate_messages_nodejs
[35m[1mScanning dependencies of target MoveRobot[0m
[ 77%] Built target move_robot_generate_messages_eus
[ 88%] [32mBuilding CXX object CMakeFiles/MoveRobot.dir/src/move.cpp.o[0m
[ 88%] Built target move_robot_generate_messages
[100%] [32m[1mLinking CXX executable /home/davide/Desktop/Pick_And_Delivery/Pick_And_Delivery/workspace/devel/.private/move_robot/lib/move_robot/MoveRobot[0m
CMakeFiles/MoveRobot.dir/src/move.cpp.o: In function `position_CallBack(tf2_msgs::TFMessage_<std::allocator<void> > const&)':
move.cpp:(.text+0x1d0): undefined reference to `tf2::BufferCore::canTransform(std::__cxx11::basic_string<char, std::char_traits<char>, std::allocator<char> > const&, std::__cxx11::basic_string<char, std::char_traits<char>, std::allocator<char> > const&, ros::Time const&, std::__cxx11::basic_string<char, std::char_traits<char>, std::allocator<char> >*) const'
move.cpp:(.text+0x2ca): undefined reference to `tf2::BufferCore::lookupTransform(std::__cxx11::basic_string<char, std::char_traits<char>, std::allocator<char> > const&, std::__cxx11::basic_string<char, std::char_traits<char>, std::allocator<char> > const&, ros::Time const&) const'
CMakeFiles/MoveRobot.dir/src/move.cpp.o: In function `main':
move.cpp:(.text+0xc73): undefined reference to `tf2_ros::TransformListener::TransformListener(tf2::BufferCore&, bool)'
move.cpp:(.text+0x11a1): undefined reference to `tf2_ros::TransformListener::~TransformListener()'
CMakeFiles/MoveRobot.dir/src/move.cpp.o: In function `__static_initialization_and_destruction_0(int, int)':
move.cpp:(.text+0x14cf): undefined reference to `tf2_ros::Buffer::Buffer(ros::Duration, bool)'
CMakeFiles/MoveRobot.dir/src/move.cpp.o: In function `tf2_ros::Buffer::~Buffer()':
move.cpp:(.text._ZN7tf2_ros6BufferD2Ev[_ZN7tf2_ros6BufferD5Ev]+0xf): undefined reference to `vtable for tf2_ros::Buffer'
move.cpp:(.text._ZN7tf2_ros6BufferD2Ev[_ZN7tf2_ros6BufferD5Ev]+0x1d): undefined reference to `vtable for tf2_ros::Buffer'
move.cpp:(.text._ZN7tf2_ros6BufferD2Ev[_ZN7tf2_ros6BufferD5Ev]+0x47): undefined reference to `tf2::BufferCore::~BufferCore()'
collect2: error: ld returned 1 exit status
CMakeFiles/MoveRobot.dir/build.make:112: recipe for target '/home/davide/Desktop/Pick_And_Delivery/Pick_And_Delivery/workspace/devel/.private/move_robot/lib/move_robot/MoveRobot' failed
make[2]: *** [/home/davide/Desktop/Pick_And_Delivery/Pick_And_Delivery/workspace/devel/.private/move_robot/lib/move_robot/MoveRobot] Error 1
CMakeFiles/Makefile2:1009: recipe for target 'CMakeFiles/MoveRobot.dir/all' failed
make[1]: *** [CMakeFiles/MoveRobot.dir/all] Error 2
Makefile:140: recipe for target 'all' failed
make: *** [all] Error 2
